<?xml version="1.0" encoding="UTF-8"?>
<!-- Generated by org.testng.reporters.JUnitReportReporter -->
<testsuite skipped="0" hostname="RAJU-PC" name="com.crm.qa.testcases.LoginPageTest" tests="3" failures="0" timestamp="24 Apr 2018 17:34:53 GMT" time="24.305" errors="0">
  <testcase name="loginPageTitleTest" time="6.366" classname="com.crm.qa.testcases.LoginPageTest"/>
  <testcase name="crmLogoImageTest" time="6.173" classname="com.crm.qa.testcases.LoginPageTest"/>
  <testcase name="loginTest" time="11.766" classname="com.crm.qa.testcases.LoginPageTest"/>
</testsuite> <!-- com.crm.qa.testcases.LoginPageTest -->
